<?xml version="1.0" encoding="UTF-8"?>
<!-- Generated by org.testng.reporters.JUnitReportReporter -->
<testsuite skipped="0" hostname="Cognits-1" name="Package_1.NewTest" tests="1" failures="0" timestamp="13 sep 2017 22:19:46 GMT" time="343.642" errors="0">
  <testcase name="testCaseConditionalSkipException" time="343.642" classname="Package_1.NewTest"/>
</testsuite> <!-- Package_1.NewTest -->
